<?xml version="1.0" encoding="UTF-8"?>
<!-- Generated by org.testng.reporters.JUnitReportReporter -->
<testsuite hostname="DELOWER4-PC" failures="0" tests="4" name="sandalia.apps.AppTest" time="60.822" errors="0" timestamp="2025-06-08T17:32:07 GMT+06:00" skipped="0">
  <testcase classname="sandalia.apps.AppTest" name="listActiveIntegrations" time="9.883"/>
  <testcase classname="sandalia.apps.AppTest" name="listAllIntegrations" time="3.815"/>
  <testcase classname="sandalia.apps.AppTest" name="attemptToListIntegrationsWhenEnableIntegrationsIsFalse" time="35.244"/>
  <testcase classname="sandalia.apps.AppTest" name="loadingSpinnerConfirmationMsg" time="11.880"/>
</testsuite> <!-- sandalia.apps.AppTest -->
