<?xml version="1.0" encoding="UTF-8"?>
<!-- Generated by org.testng.reporters.JUnitReportReporter -->
<testsuite hostname="DELOWER4-PC" failures="0" tests="4" name="sandalia.apps.AppTest" time="64.408" errors="0" timestamp="2025-06-08T22:21:22 GMT+06:00" skipped="0">
  <testcase classname="sandalia.apps.AppTest" name="listActiveIntegrations" time="9.680"/>
  <testcase classname="sandalia.apps.AppTest" name="listAllIntegrations" time="4.505"/>
  <testcase classname="sandalia.apps.AppTest" name="attemptToListIntegrationsWhenEnableIntegrationsIsFalse" time="36.129"/>
  <testcase classname="sandalia.apps.AppTest" name="loadingSpinnerConfirmationMsg" time="14.094"/>
</testsuite> <!-- sandalia.apps.AppTest -->
